0 info it worked if it ends with ok
1 verbose cli [
1 verbose cli   '/home/paul/.nvm/versions/node/v15.11.0/bin/node',
1 verbose cli   '/home/paul/.nvm/versions/node/v15.11.0/bin/npm',
1 verbose cli   'install',
1 verbose cli   'react-router-bootstrap'
1 verbose cli ]
2 info using npm@3.10.10
3 info using node@v15.11.0
4 silly loadCurrentTree Starting
5 silly install loadCurrentTree
6 silly install readLocalPackageData
7 verbose stack TypeError: cb.apply is not a function
7 verbose stack     at /home/paul/.nvm/versions/node/v15.11.0/lib/node_modules/npm/node_modules/graceful-fs/polyfills.js:267:18
7 verbose stack     at FSReqCallback.oncomplete (node:fs:201:5)
8 verbose cwd /mnt/c/Users/17813/Desktop/react-rails-recognize/recognize
9 error Linux 4.4.0-18362-Microsoft
10 error argv "/home/paul/.nvm/versions/node/v15.11.0/bin/node" "/home/paul/.nvm/versions/node/v15.11.0/bin/npm" "install" "react-router-bootstrap"
11 error node v15.11.0
12 error npm  v3.10.10
13 error cb.apply is not a function
14 error If you need help, you may report this error at:
14 error     <https://github.com/npm/npm/issues>
15 verbose exit [ 1, true ]
